2021-02-14 19:03:25 [::1][1][m3genpcrm2clvpvjf4o7jfup8s][error][Error] Error: Class 'frontend\models\DeviceSearch' not found in C:\xampp\htdocs\softkomi_yii2_test\frontend\controllers\DeviceController.php:50
Stack trace:
#0 [internal function]: frontend\controllers\DeviceController->actionIndex()
#1 C:\xampp\htdocs\softkomi_yii2_test\vendor\yiisoft\yii2\base\InlineAction.php(57): call_user_func_array(Array, Array)
#2 C:\xampp\htdocs\softkomi_yii2_test\vendor\yiisoft\yii2\base\Controller.php(181): yii\base\InlineAction->runWithParams(Array)
#3 C:\xampp\htdocs\softkomi_yii2_test\vendor\yiisoft\yii2\base\Module.php(534): yii\base\Controller->runAction('', Array)
#4 C:\xampp\htdocs\softkomi_yii2_test\vendor\yiisoft\yii2\web\Application.php(104): yii\base\Module->runAction('device', Array)
#5 C:\xampp\htdocs\softkomi_yii2_test\vendor\yiisoft\yii2\base\Application.php(392): yii\web\Application->handleRequest(Object(yii\web\Request))
#6 C:\xampp\htdocs\softkomi_yii2_test\frontend\web\index.php(17): yii\base\Application->run()
#7 {main}
2021-02-14 19:03:24 [::1][1][m3genpcrm2clvpvjf4o7jfup8s][info][application] $_GET = [
    'r' => 'device'
]

$_POST = []

$_FILES = []

$_COOKIE = [
    'BeeJee' => '4sorljo5n47rke8krr3sm6csgv'
    'TICKET' => '5rmdkhrc0bq4qaq627q0upavhs'
    'advanced-frontend' => 'm3genpcrm2clvpvjf4o7jfup8s'
    '_identity-frontend' => '088c54211bf359acc5bcac21324241a6e1868caf8dd4a1b3630c8c9a150421a8a:2:{i:0;s:18:\"_identity-frontend\";i:1;s:46:\"[1,\"KgXbqhwtfUHKj41aFAQVB7JRsJgfaKOR\",2592000]\";}'
    '_csrf-frontend' => '20c35ad93bca360bb40909c7997a7c5bd64fbd2b27e561c91c56e01cfaac5a82a:2:{i:0;s:14:\"_csrf-frontend\";i:1;s:32:\"LQOJUwJ_gfdHKLUS6qX3RUEOZPwDTHBE\";}'
]

$_SESSION = [
    '__flash' => []
    '__id' => 1
]

$_SERVER = [
    'MIBDIRS' => 'C:/xampp/php/extras/mibs'
    'MYSQL_HOME' => '\\xampp\\mysql\\bin'
    'OPENSSL_CONF' => 'C:/xampp/apache/bin/openssl.cnf'
    'PHP_PEAR_SYSCONF_DIR' => '\\xampp\\php'
    'PHPRC' => '\\xampp\\php'
    'TMP' => '\\xampp\\tmp'
    'HTTP_HOST' => 'localhost'
    'HTTP_CONNECTION' => 'keep-alive'
    'HTTP_UPGRADE_INSECURE_REQUESTS' => '1'
    'HTTP_USER_AGENT' => 'Mozilla/5.0 (Windows NT 6.1) AppleWebKit/537.36 (KHTML, like Gecko) Chrome/88.0.4324.150 Safari/537.36'
    'HTTP_ACCEPT' => 'text/html,application/xhtml+xml,application/xml;q=0.9,image/avif,image/webp,image/apng,*/*;q=0.8,application/signed-exchange;v=b3;q=0.9'
    'HTTP_SEC_FETCH_SITE' => 'same-origin'
    'HTTP_SEC_FETCH_MODE' => 'navigate'
    'HTTP_SEC_FETCH_USER' => '?1'
    'HTTP_SEC_FETCH_DEST' => 'document'
    'HTTP_REFERER' => 'http://localhost/softkomi_yii2_test/frontend/web/index.php'
    'HTTP_ACCEPT_ENCODING' => 'gzip, deflate, br'
    'HTTP_ACCEPT_LANGUAGE' => 'ru-RU,ru;q=0.9,en-US;q=0.8,en;q=0.7'
    'HTTP_COOKIE' => 'BeeJee=4sorljo5n47rke8krr3sm6csgv; TICKET=5rmdkhrc0bq4qaq627q0upavhs; advanced-frontend=m3genpcrm2clvpvjf4o7jfup8s; _identity-frontend=088c54211bf359acc5bcac21324241a6e1868caf8dd4a1b3630c8c9a150421a8a%3A2%3A%7Bi%3A0%3Bs%3A18%3A%22_identity-frontend%22%3Bi%3A1%3Bs%3A46%3A%22%5B1%2C%22KgXbqhwtfUHKj41aFAQVB7JRsJgfaKOR%22%2C2592000%5D%22%3B%7D; _csrf-frontend=20c35ad93bca360bb40909c7997a7c5bd64fbd2b27e561c91c56e01cfaac5a82a%3A2%3A%7Bi%3A0%3Bs%3A14%3A%22_csrf-frontend%22%3Bi%3A1%3Bs%3A32%3A%22LQOJUwJ_gfdHKLUS6qX3RUEOZPwDTHBE%22%3B%7D'
    'PATH' => 'C:\\Windows\\system32;C:\\Windows;C:\\Windows\\System32\\Wbem;C:\\Windows\\System32\\WindowsPowerShell\\v1.0\\;C:\\Program Files\\Git\\cmd;C:\\xampp\\php\\'
    'SystemRoot' => 'C:\\Windows'
    'COMSPEC' => 'C:\\Windows\\system32\\cmd.exe'
    'PATHEXT' => '.COM;.EXE;.BAT;.CMD;.VBS;.VBE;.JS;.JSE;.WSF;.WSH;.MSC'
    'WINDIR' => 'C:\\Windows'
    'SERVER_SIGNATURE' => '<address>Apache/2.4.37 (Win32) OpenSSL/1.1.1 PHP/7.2.12 Server at localhost Port 80</address>
'
    'SERVER_SOFTWARE' => 'Apache/2.4.37 (Win32) OpenSSL/1.1.1 PHP/7.2.12'
    'SERVER_NAME' => 'localhost'
    'SERVER_ADDR' => '::1'
    'SERVER_PORT' => '80'
    'REMOTE_ADDR' => '::1'
    'DOCUMENT_ROOT' => 'C:/xampp/htdocs'
    'REQUEST_SCHEME' => 'http'
    'CONTEXT_PREFIX' => ''
    'CONTEXT_DOCUMENT_ROOT' => 'C:/xampp/htdocs'
    'SERVER_ADMIN' => 'postmaster@localhost'
    'SCRIPT_FILENAME' => 'C:/xampp/htdocs/softkomi_yii2_test/frontend/web/index.php'
    'REMOTE_PORT' => '50167'
    'GATEWAY_INTERFACE' => 'CGI/1.1'
    'SERVER_PROTOCOL' => 'HTTP/1.1'
    'REQUEST_METHOD' => 'GET'
    'QUERY_STRING' => 'r=device'
    'REQUEST_URI' => '/softkomi_yii2_test/frontend/web/index.php?r=device'
    'SCRIPT_NAME' => '/softkomi_yii2_test/frontend/web/index.php'
    'PHP_SELF' => '/softkomi_yii2_test/frontend/web/index.php'
    'REQUEST_TIME_FLOAT' => 1613325804.686
    'REQUEST_TIME' => 1613325804
]
2021-02-14 19:04:12 [::1][1][m3genpcrm2clvpvjf4o7jfup8s][error][Error] Error: Class 'kartik\grid\GridView' not found in C:\xampp\htdocs\softkomi_yii2_test\frontend\views\device\index.php:29
Stack trace:
#0 C:\xampp\htdocs\softkomi_yii2_test\vendor\yiisoft\yii2\base\View.php(348): require()
#1 C:\xampp\htdocs\softkomi_yii2_test\vendor\yiisoft\yii2\base\View.php(257): yii\base\View->renderPhpFile('C:\\xampp\\htdocs...', Array)
#2 C:\xampp\htdocs\softkomi_yii2_test\vendor\yiisoft\yii2\base\View.php(156): yii\base\View->renderFile('C:\\xampp\\htdocs...', Array, Object(frontend\controllers\DeviceController))
#3 C:\xampp\htdocs\softkomi_yii2_test\vendor\yiisoft\yii2\base\Controller.php(410): yii\base\View->render('index', Array, Object(frontend\controllers\DeviceController))
#4 C:\xampp\htdocs\softkomi_yii2_test\frontend\controllers\DeviceController.php(55): yii\base\Controller->render('index', Array)
#5 [internal function]: frontend\controllers\DeviceController->actionIndex()
#6 C:\xampp\htdocs\softkomi_yii2_test\vendor\yiisoft\yii2\base\InlineAction.php(57): call_user_func_array(Array, Array)
#7 C:\xampp\htdocs\softkomi_yii2_test\vendor\yiisoft\yii2\base\Controller.php(181): yii\base\InlineAction->runWithParams(Array)
#8 C:\xampp\htdocs\softkomi_yii2_test\vendor\yiisoft\yii2\base\Module.php(534): yii\base\Controller->runAction('', Array)
#9 C:\xampp\htdocs\softkomi_yii2_test\vendor\yiisoft\yii2\web\Application.php(104): yii\base\Module->runAction('device', Array)
#10 C:\xampp\htdocs\softkomi_yii2_test\vendor\yiisoft\yii2\base\Application.php(392): yii\web\Application->handleRequest(Object(yii\web\Request))
#11 C:\xampp\htdocs\softkomi_yii2_test\frontend\web\index.php(17): yii\base\Application->run()
#12 {main}
2021-02-14 19:04:12 [::1][1][m3genpcrm2clvpvjf4o7jfup8s][info][application] $_GET = [
    'r' => 'device'
]

$_POST = []

$_FILES = []

$_COOKIE = [
    'BeeJee' => '4sorljo5n47rke8krr3sm6csgv'
    'TICKET' => '5rmdkhrc0bq4qaq627q0upavhs'
    'advanced-frontend' => 'm3genpcrm2clvpvjf4o7jfup8s'
    '_identity-frontend' => '088c54211bf359acc5bcac21324241a6e1868caf8dd4a1b3630c8c9a150421a8a:2:{i:0;s:18:\"_identity-frontend\";i:1;s:46:\"[1,\"KgXbqhwtfUHKj41aFAQVB7JRsJgfaKOR\",2592000]\";}'
    '_csrf-frontend' => '20c35ad93bca360bb40909c7997a7c5bd64fbd2b27e561c91c56e01cfaac5a82a:2:{i:0;s:14:\"_csrf-frontend\";i:1;s:32:\"LQOJUwJ_gfdHKLUS6qX3RUEOZPwDTHBE\";}'
]

$_SESSION = [
    '__flash' => []
    '__id' => 1
]

$_SERVER = [
    'MIBDIRS' => 'C:/xampp/php/extras/mibs'
    'MYSQL_HOME' => '\\xampp\\mysql\\bin'
    'OPENSSL_CONF' => 'C:/xampp/apache/bin/openssl.cnf'
    'PHP_PEAR_SYSCONF_DIR' => '\\xampp\\php'
    'PHPRC' => '\\xampp\\php'
    'TMP' => '\\xampp\\tmp'
    'HTTP_HOST' => 'localhost'
    'HTTP_CONNECTION' => 'keep-alive'
    'HTTP_CACHE_CONTROL' => 'max-age=0'
    'HTTP_UPGRADE_INSECURE_REQUESTS' => '1'
    'HTTP_USER_AGENT' => 'Mozilla/5.0 (Windows NT 6.1) AppleWebKit/537.36 (KHTML, like Gecko) Chrome/88.0.4324.150 Safari/537.36'
    'HTTP_ACCEPT' => 'text/html,application/xhtml+xml,application/xml;q=0.9,image/avif,image/webp,image/apng,*/*;q=0.8,application/signed-exchange;v=b3;q=0.9'
    'HTTP_SEC_FETCH_SITE' => 'same-origin'
    'HTTP_SEC_FETCH_MODE' => 'navigate'
    'HTTP_SEC_FETCH_USER' => '?1'
    'HTTP_SEC_FETCH_DEST' => 'document'
    'HTTP_REFERER' => 'http://localhost/softkomi_yii2_test/frontend/web/index.php'
    'HTTP_ACCEPT_ENCODING' => 'gzip, deflate, br'
    'HTTP_ACCEPT_LANGUAGE' => 'ru-RU,ru;q=0.9,en-US;q=0.8,en;q=0.7'
    'HTTP_COOKIE' => 'BeeJee=4sorljo5n47rke8krr3sm6csgv; TICKET=5rmdkhrc0bq4qaq627q0upavhs; advanced-frontend=m3genpcrm2clvpvjf4o7jfup8s; _identity-frontend=088c54211bf359acc5bcac21324241a6e1868caf8dd4a1b3630c8c9a150421a8a%3A2%3A%7Bi%3A0%3Bs%3A18%3A%22_identity-frontend%22%3Bi%3A1%3Bs%3A46%3A%22%5B1%2C%22KgXbqhwtfUHKj41aFAQVB7JRsJgfaKOR%22%2C2592000%5D%22%3B%7D; _csrf-frontend=20c35ad93bca360bb40909c7997a7c5bd64fbd2b27e561c91c56e01cfaac5a82a%3A2%3A%7Bi%3A0%3Bs%3A14%3A%22_csrf-frontend%22%3Bi%3A1%3Bs%3A32%3A%22LQOJUwJ_gfdHKLUS6qX3RUEOZPwDTHBE%22%3B%7D'
    'PATH' => 'C:\\Windows\\system32;C:\\Windows;C:\\Windows\\System32\\Wbem;C:\\Windows\\System32\\WindowsPowerShell\\v1.0\\;C:\\Program Files\\Git\\cmd;C:\\xampp\\php\\'
    'SystemRoot' => 'C:\\Windows'
    'COMSPEC' => 'C:\\Windows\\system32\\cmd.exe'
    'PATHEXT' => '.COM;.EXE;.BAT;.CMD;.VBS;.VBE;.JS;.JSE;.WSF;.WSH;.MSC'
    'WINDIR' => 'C:\\Windows'
    'SERVER_SIGNATURE' => '<address>Apache/2.4.37 (Win32) OpenSSL/1.1.1 PHP/7.2.12 Server at localhost Port 80</address>
'
    'SERVER_SOFTWARE' => 'Apache/2.4.37 (Win32) OpenSSL/1.1.1 PHP/7.2.12'
    'SERVER_NAME' => 'localhost'
    'SERVER_ADDR' => '::1'
    'SERVER_PORT' => '80'
    'REMOTE_ADDR' => '::1'
    'DOCUMENT_ROOT' => 'C:/xampp/htdocs'
    'REQUEST_SCHEME' => 'http'
    'CONTEXT_PREFIX' => ''
    'CONTEXT_DOCUMENT_ROOT' => 'C:/xampp/htdocs'
    'SERVER_ADMIN' => 'postmaster@localhost'
    'SCRIPT_FILENAME' => 'C:/xampp/htdocs/softkomi_yii2_test/frontend/web/index.php'
    'REMOTE_PORT' => '50176'
    'GATEWAY_INTERFACE' => 'CGI/1.1'
    'SERVER_PROTOCOL' => 'HTTP/1.1'
    'REQUEST_METHOD' => 'GET'
    'QUERY_STRING' => 'r=device'
    'REQUEST_URI' => '/softkomi_yii2_test/frontend/web/index.php?r=device'
    'SCRIPT_NAME' => '/softkomi_yii2_test/frontend/web/index.php'
    'PHP_SELF' => '/softkomi_yii2_test/frontend/web/index.php'
    'REQUEST_TIME_FLOAT' => 1613325852.075
    'REQUEST_TIME' => 1613325852
]
